*WEATHER MODULE DAILY OUTPUT FILE

*DSSAT Cropping System Model Ver. 4.7.5.035 -develop  JUN 02, 2021 09:26:05

*RUN   1        : 20 IRRIG, light rate,freq CRGRO047 UFGA7801    1
 MODEL          : CRGRO047 - Soybean
 EXPERIMENT     : UFGA7801 SB BRAGG, IRRIGATED & NON-IRRIGATED
 DATA PATH      :
 TREATMENT  1   : 20 IRRIG, light rate,freq CRGRO047
  
@YEAR DOY   DAS   PRED  DAYLD   TWLD   SRAD   PARD   CLDD   TMXD   TMND   TAVD   TDYD   TDWD   TGAD   TGRD   WDSD   CO2D   VPDF    VPD  OZON7   WDATE
 2020 155     1    0.0   14.5   15.7   27.9   55.8   0.15   35.4   17.8   26.9   29.5    3.2   26.9   29.5  252.3  410.5   0.00   0.00 -99.00 2020155
 2020 156     2    0.2   14.5   15.7   21.6   43.2   0.34   36.5   16.1   26.6   29.7    3.6   26.6   29.7  267.0  410.5   0.00   0.00 -99.00 2020156
 2020 157     3    0.0   14.5   15.7   28.0   56.0   0.15   38.6   17.7   28.5   31.6    6.7   28.5   31.6  407.8  410.5   0.00   0.00 -99.00 2020157
 2020 158     4    0.0   14.5   15.7   25.4   50.8   0.23   36.9   19.3   28.4   31.0    6.3   28.4   31.0  595.3  410.5   0.00   0.00 -99.00 2020158
 2020 159     5    0.0   14.6   15.8   27.5   55.0   0.17   35.6   22.3   29.2   31.2   10.5   29.2   31.2  896.0  410.5   0.00   0.00 -99.00 2020159
 2020 160     6    0.0   14.6   15.8   28.9   57.8   0.13   38.6   19.8   29.5   32.4    8.0   29.5   32.4  713.7  410.5   0.00   0.00 -99.00 2020160
 2020 161     7   12.7   14.6   15.8    5.5   11.0   0.83   25.6    9.0   17.6   20.1    5.5   17.6   20.1  767.2  410.5   0.00   0.00 -99.00 2020161
 2020 162     8    0.0   14.6   15.8   29.5   59.0   0.11   27.1    8.3   18.0   20.9   -0.4   18.0   20.9  292.0  410.5   0.00   0.00 -99.00 2020162
 2020 163     9    0.0   14.6   15.8   28.7   57.4   0.14   33.6   15.0   24.6   27.4    0.8   24.6   27.4  406.9  410.5   0.00   0.00 -99.00 2020163
 2020 164    10    0.0   14.6   15.8   28.1   56.2   0.15   35.4   16.5   26.3   29.1    2.8   26.3   29.1  362.9  410.5   0.00   0.00 -99.00 2020164
 2020 165    11    0.0   14.6   15.8   28.8   57.6   0.13   37.7   13.2   25.9   29.6   -4.2   25.9   29.6  472.6  410.5   0.00   0.00 -99.00 2020165
 2020 166    12    0.0   14.6   15.8   20.9   41.8   0.37   35.9   19.6   28.0   30.5    1.3   28.0   30.5  665.3  410.5   0.00   0.00 -99.00 2020166
 2020 167    13    0.0   14.6   15.8   27.9   55.8   0.16   35.9   18.6   27.6   30.2    1.5   27.6   30.2  670.5  410.5   0.00   0.00 -99.00 2020167
 2020 168    14    0.0   14.6   15.8   27.9   55.8   0.16   34.4   19.0   27.0   29.3    5.3   27.0   29.3  690.3  410.5   0.00   0.00 -99.00 2020168
 2020 169    15    0.0   14.6   15.8   26.5   53.0   0.20   36.5   20.6   28.8   31.2    7.5   28.8   31.2  806.1  410.5   0.00   0.00 -99.00 2020169
 2020 170    16    0.0   14.6   15.9   27.8   55.6   0.17   30.8   19.2   25.2   27.0    8.6   25.2   27.0  617.8  410.5   0.00   0.00 -99.00 2020170
 2020 171    17    0.5   14.6   15.9   14.5   29.0   0.56   24.7   13.8   19.4   21.1    9.5   19.4   21.1  343.0  410.5   0.00   0.00 -99.00 2020171
 2020 172    18    0.0   14.6   15.9   26.2   52.4   0.21   32.5   14.8   24.0   26.6    7.7   24.0   26.6  299.8  410.5   0.00   0.00 -99.00 2020172
 2020 173    19    0.0   14.6   15.9   19.1   38.2   0.43   34.7   15.1   25.3   28.2    9.5   25.3   28.2  363.7  410.5   0.00   0.00 -99.00 2020173
 2020 174    20    0.0   14.6   15.9   26.2   52.4   0.21   31.2   13.6   22.7   25.4    5.8   22.7   25.4  283.4  410.5   0.00   0.00 -99.00 2020174
 2020 175    21    0.0   14.6   15.9   24.7   49.4   0.26   30.8   13.5   22.5   25.1    5.3   22.5   25.1  222.0  410.5   0.00   0.00 -99.00 2020175
 2020 176    22    0.0   14.6   15.9   27.4   54.8   0.18   36.2   17.4   27.1   30.0    6.0   27.1   30.0  400.0  410.5   0.00   0.00 -99.00 2020176
 2020 177    23    0.0   14.6   15.9   26.0   52.0   0.22   37.1   17.8   27.8   30.7    5.5   27.8   30.7  581.5  410.5   0.00   0.00 -99.00 2020177
 2020 178    24    0.0   14.6   15.8   27.6   55.2   0.17   36.8   18.2   27.8   30.6    7.8   27.8   30.6  267.8  410.5   0.00   0.00 -99.00 2020178
 2020 179    25    0.0   14.6   15.8   25.7   51.4   0.23   36.7   17.7   27.5   30.4    6.5   27.5   30.4  320.5  410.5   0.00   0.00 -99.00 2020179
 2020 180    26    0.0   14.6   15.8   26.8   53.6   0.19   37.4   18.0   28.0   31.0    8.6   28.0   31.0  361.2  410.5   0.00   0.00 -99.00 2020180
 2020 181    27    0.0   14.6   15.8   28.0   56.0   0.16   39.8   20.8   30.6   33.5    8.3   30.6   33.5  519.3  410.5   0.00   0.00 -99.00 2020181
 2020 182    28    0.0   14.6   15.8   28.1   56.2   0.15   37.2   16.2   27.1   30.2    1.8   27.1   30.2  327.5  410.5   0.00   0.00 -99.00 2020182
 2020 183    29    0.0   14.6   15.8   26.0   52.0   0.22   33.3   17.5   25.7   28.1    9.3   25.7   28.1  375.0  410.5   0.00   0.00 -99.00 2020183
 2020 184    30    0.0   14.6   15.8   22.6   45.2   0.32   37.3   18.1   28.0   30.9   11.9   28.0   30.9  375.0  410.5   0.00   0.00 -99.00 2020184
 2020 185    31    0.0   14.6   15.8   24.9   49.8   0.25   35.1   15.0   25.4   28.4    8.6   25.4   28.4  273.0  410.5   0.00   0.00 -99.00 2020185
 2020 186    32    0.0   14.6   15.8   25.7   51.4   0.22   33.9   15.6   25.1   27.8    7.3   25.1   27.8  216.0  410.5   0.00   0.00 -99.00 2020186
 2020 187    33    0.0   14.5   15.8   14.8   29.6   0.55   30.6   18.0   24.5   26.4   12.2   24.5   26.4  167.6  410.5   0.00   0.00 -99.00 2020187
 2020 188    34    0.0   14.5   15.8   26.4   52.8   0.20   33.3   15.0   24.5   27.2    7.8   24.5   27.2  159.0  410.5   0.00   0.00 -99.00 2020188
 2020 189    35    0.0   14.5   15.7   27.4   54.8   0.17   34.4   18.4   26.7   29.1    9.7   26.7   29.1  363.7  410.5   0.00   0.00 -99.00 2020189
 2020 190    36    0.0   14.5   15.7   27.9   55.8   0.15   38.7   19.8   29.6   32.4    9.1   29.6   32.4  453.6  410.5   0.00   0.00 -99.00 2020190
 2020 191    37    0.0   14.5   15.7   25.6   51.2   0.22   32.8   21.4   27.3   29.0   13.7   27.3   29.0  390.5  410.5   0.00   0.00 -99.00 2020191
 2020 192    38    0.0   14.5   15.7   16.6   33.2   0.49   32.3   21.4   27.0   28.6   15.2   27.0   28.6  303.3  410.5   0.00   0.00 -99.00 2020192
 2020 193    39    0.0   14.5   15.7   27.2   54.4   0.17   35.7   17.3   26.8   29.5   10.8   26.8   29.5  276.5  410.5   0.00   0.00 -99.00 2020193
 2020 194    40    0.0   14.4   15.6   23.4   46.8   0.28   34.2   18.2   26.4   28.8   12.3   26.4   28.8  272.2  410.5   0.00   0.00 -99.00 2020194
 2020 195    41    0.0   14.4   15.6   26.1   52.2   0.20   32.9   17.5   25.4   27.7   12.1   25.4   27.7  355.1  410.5   0.00   0.00 -99.00 2020195
 2020 196    42    2.5   14.4   15.6   18.9   37.8   0.42   31.8   20.1   26.1   27.9   16.4   26.1   27.9  357.7  410.5   0.00   0.00 -99.00 2020196
 2020 197    43    0.0   14.4   15.6   19.9   39.8   0.39   28.6   18.5   23.7   25.2   15.4   23.7   25.2  254.9  410.5   0.00   0.00 -99.00 2020197
 2020 198    44    0.0   14.4   15.6   24.4   48.8   0.25   32.2   18.5   25.5   27.6   13.3   25.5   27.6  262.7  410.5   0.00   0.00 -99.00 2020198
 2020 199    45    4.6   14.3   15.5   23.1   46.2   0.29   35.6   20.4   28.2   30.5   12.7   28.2   30.5  346.5  410.5   0.00   0.00 -99.00 2020199
 2020 200    46   10.2   14.3   15.5   20.4   40.8   0.37   35.9   21.2   28.7   30.9   12.9   28.7   30.9  234.1  410.5   0.00   0.00 -99.00 2020200
 2020 201    47    0.2   14.3   15.5   20.9   41.8   0.35   29.6   18.9   24.4   26.0   13.7   24.4   26.0  278.2  410.5   0.00   0.00 -99.00 2020201
 2020 202    48    0.0   14.3   15.5   26.5   53.0   0.17   31.0   18.0   24.7   26.6   12.3   24.7   26.6  317.1  410.5   0.00   0.00 -99.00 2020202
 2020 203    49    0.0   14.2   15.4   27.0   54.0   0.16   29.8   15.6   22.9   25.0    9.8   22.9   25.0  217.7  410.5   0.00   0.00 -99.00 2020203
 2020 204    50    0.0   14.2   15.4   26.7   53.4   0.16   33.3   18.4   26.0   28.2   12.0   26.0   28.2  318.8  410.5   0.00   0.00 -99.00 2020204
 2020 205    51    0.0   14.2   15.4   24.2   48.4   0.24   33.5   20.0   26.9   28.9   13.4   26.9   28.9  376.7  410.5   0.00   0.00 -99.00 2020205
 2020 206    52    0.0   14.2   15.3   26.1   52.2   0.18   34.7   20.8   27.9   29.9   14.2   27.9   29.9  368.9  410.5   0.00   0.00 -99.00 2020206
 2020 207    53    0.0   14.1   15.3   26.1   52.2   0.18   35.4   21.0   28.3   30.5   13.2   28.3   30.5  329.2  410.5   0.00   0.00 -99.00 2020207
 2020 208    54   44.2   14.1   15.3   20.2   40.4   0.36   35.8   19.4   27.8   30.2   15.1   27.8   30.2  242.8  410.5   0.00   0.00 -99.00 2020208
 2020 209    55    2.0   14.1   15.3   12.6   25.2   0.60   26.4   20.0   23.3   24.2   18.3   23.3   24.2  143.4  410.5   0.00   0.00 -99.00 2020209
 2020 210    56    0.0   14.1   15.2   12.0   24.0   0.62   25.5   19.7   22.6   23.5   17.9   22.6   23.5  148.6  410.5   0.00   0.00 -99.00 2020210
 2020 211    57    6.4   14.0   15.2   22.9   45.8   0.27   32.0   18.5   25.4   27.3   14.7   25.4   27.3  121.8  410.5   0.00   0.00 -99.00 2020211
 2020 212    58    0.2   14.0   15.2   20.5   41.0   0.34   25.9   16.0   21.0   22.9   13.1   21.0   22.9  238.5  410.5   0.00   0.00 -99.00 2020212
 2020 213    59    0.0   14.0   15.1   25.7   51.4   0.17   28.9   14.0   21.6   24.3    9.7   21.6   24.3  114.0  410.5   0.00   0.00 -99.00 2020213
 2020 214    60    0.0   13.9   15.1   25.8   51.6   0.17   31.0   13.4   22.3   25.6    8.2   22.3   25.6   99.4  410.5   0.00   0.00 -99.00 2020214
 2020 215    61    0.0   13.9   15.1   21.4   42.8   0.31   27.3   15.8   21.6   23.7   11.4   21.6   23.7  164.2  410.5   0.00   0.00 -99.00 2020215
 2020 216    62    8.1   13.9   15.0   20.6   41.2   0.33   25.6   14.8   20.3   22.2   11.6   20.3   22.2  164.2  410.5   0.00   0.00 -99.00 2020216
 2020 217    63    2.8   13.8   15.0   21.6   43.2   0.29   28.0   15.7   21.9   24.2   11.0   21.9   24.2  323.1  410.5   0.00   0.00 -99.00 2020217
 2020 218    64    0.0   13.8   15.0   24.3   48.6   0.20   29.0   14.0   21.6   24.3   10.0   21.6   24.3  184.0  410.5   0.00   0.00 -99.00 2020218
 2020 219    65   12.2   13.8   14.9   17.0   34.0   0.44   28.2   18.9   23.6   25.3   15.7   23.6   25.3  283.4  410.5   0.00   0.00 -99.00 2020219
 2020 220    66    0.0   13.7   14.9   24.7   49.4   0.18   31.8   20.0   25.9   28.1   16.5   25.9   28.1  145.2  410.5   0.00   0.00 -99.00 2020220
 2020 221    67    0.0   13.7   14.8   24.6   49.2   0.18   34.8   15.4   25.2   28.7    8.6   25.2   28.7  182.3  410.5   0.00   0.00 -99.00 2020221
 2020 222    68    0.0   13.7   14.8   24.1   48.2   0.20   35.2   18.9   27.1   30.1    8.7   27.1   30.1  248.0  410.5   0.00   0.00 -99.00 2020222
 2020 223    69    0.0   13.6   14.8   21.5   43.0   0.28   33.0   16.9   25.0   27.9   10.3   25.0   27.9  180.6  410.5   0.00   0.00 -99.00 2020223
 2020 224    70    0.0   13.6   14.7   23.9   47.8   0.20   32.1   14.0   23.1   26.4    8.9   23.1   26.4  222.9  410.5   0.00   0.00 -99.00 2020224
 2020 225    71    0.0   13.6   14.7   20.6   41.2   0.30   30.8   18.0   24.4   26.7   12.8   24.4   26.7  226.4  410.5   0.00   0.00 -99.00 2020225
 2020 226    72    0.0   13.5   14.6   22.5   45.0   0.24   32.5   20.4   26.5   28.6   16.2   26.5   28.6  141.7  410.5   0.00   0.00 -99.00 2020226
 2020 227    73    0.0   13.5   14.6   18.8   37.6   0.36   32.7   17.8   25.3   27.9   14.5   25.3   27.9  143.4  410.5   0.00   0.00 -99.00 2020227
 2020 228    74    0.0   13.4   14.6   20.5   41.0   0.30   31.0   19.3   25.1   27.3   15.1   25.1   27.3  180.6  410.5   0.00   0.00 -99.00 2020228
 2020 229    75    2.8   13.4   14.5   21.5   43.0   0.26   31.4   18.9   25.1   27.4   13.7   25.1   27.4  251.4  410.5   0.00   0.00 -99.00 2020229
 2020 230    76    0.0   13.4   14.5   25.0   50.0   0.13   32.5   14.0   23.2   26.5    6.4   23.2   26.5  137.4  410.5   0.00   0.00 -99.00 2020230
 2020 231    77    0.0   13.3   14.5   23.6   47.2   0.18   32.8   15.0   23.9   27.1    7.9   23.9   27.1  203.9  410.5   0.00   0.00 -99.00 2020231
 2020 232    78    0.0   13.3   14.4   18.7   37.4   0.34   31.4   17.7   24.5   27.0    8.9   24.5   27.0  246.2  410.5   0.00   0.00 -99.00 2020232
 2020 233    79    0.0   13.3   14.4   22.8   45.6   0.20   31.5   15.2   23.3   26.2    8.0   23.3   26.2  212.5  410.5   0.00   0.00 -99.00 2020233
 2020 234    80    0.0   13.2   14.3   20.1   40.2   0.29   31.4   17.3   24.3   26.8   10.1   24.3   26.8  187.5  410.5   0.00   0.00 -99.00 2020234
 2020 235    81    0.0   13.2   14.3   21.2   42.4   0.24   33.8   15.5   24.6   27.8    8.7   24.6   27.8  183.2  410.5   0.00   0.00 -99.00 2020235
 2020 236    82    0.0   13.1   14.2   21.1   42.2   0.24   34.4   17.5   25.9   28.9    9.1   25.9   28.9  220.3  410.5   0.00   0.00 -99.00 2020236
 2020 237    83    0.0   13.1   14.2   22.5   45.0   0.19   35.1   16.4   25.7   29.0    5.6   25.7   29.0  253.2  410.5   0.00   0.00 -99.00 2020237
 2020 238    84    0.0   13.1   14.2   21.8   43.6   0.21   33.6   18.9   26.2   28.8    7.3   26.2   28.8  294.6  410.5   0.00   0.00 -99.00 2020238
 2020 239    85    0.0   13.0   14.1   22.4   44.8   0.18   34.8   13.5   24.0   27.8    3.6   24.0   27.8  245.4  410.5   0.00   0.00 -99.00 2020239
 2020 240    86    0.0   13.0   14.1   22.2   44.4   0.19   35.5   16.6   25.9   29.2    7.3   25.9   29.2  203.0  410.5   0.00   0.00 -99.00 2020240
 2020 241    87   39.1   12.9   14.0   22.0   44.0   0.19   35.5   17.2   26.2   29.4    9.4   26.2   29.4  235.9  410.5   0.00   0.00 -99.00 2020241
 2020 242    88    4.1   12.9   14.0   11.5   23.0   0.57   24.6   17.2   20.8   22.1   15.3   20.8   22.1  148.6  410.5   0.00   0.00 -99.00 2020242
 2020 243    89    0.0   12.9   14.0   19.9   39.8   0.26   33.3   16.0   24.5   27.5   12.4   24.5   27.5  126.1  410.5   0.00   0.00 -99.00 2020243
 2020 244    90    0.0   12.8   13.9   22.4   44.8   0.16   24.6   14.0   19.2   21.0    7.3   19.2   21.0  235.9  410.5   0.00   0.00 -99.00 2020244
 2020 245    91    0.0   12.8   13.9   13.9   27.8   0.47   25.8   15.2   20.4   22.2   13.0   20.4   22.2  140.8  410.5   0.00   0.00 -99.00 2020245
 2020 246    92    0.0   12.7   13.8   22.8   45.6   0.13   31.0   13.9   22.3   25.2    8.7   22.3   25.2  102.0  410.5   0.00   0.00 -99.00 2020246
 2020 247    93    0.0   12.7   13.8   22.9   45.8   0.12   26.3   13.2   19.6   21.9    6.3   19.6   21.9  216.9  410.5   0.00   0.00 -99.00 2020247
 2020 248    94    0.0   12.7   13.7   22.3   44.6   0.14   31.6    8.2   19.6   23.6    1.4   19.6   23.6  103.7  410.5   0.00   0.00 -99.00 2020248
 2020 249    95    0.0   12.6   13.7   21.3   42.6   0.17   34.0   15.5   24.5   27.7    7.6   24.5   27.7  214.3  410.5   0.00   0.00 -99.00 2020249
 2020 250    96    0.0   12.6   13.7   19.4   38.8   0.24   36.0   19.6   27.6   30.4    9.8   27.6   30.4  216.9  410.5   0.00   0.00 -99.00 2020250
 2020 251    97    0.0   12.5   13.6   19.3   38.6   0.24   34.0   14.0   23.7   27.1    6.9   23.7   27.1  183.2  410.5   0.00   0.00 -99.00 2020251
 2020 252    98    8.9   12.5   13.6    3.3    6.6   0.87   16.0    2.8    9.2   11.4    1.2    9.2   11.4  464.8  410.5   0.00   0.00 -99.00 2020252
 2020 253    99   21.1   12.5   13.5    3.7    7.4   0.85    5.2    1.7    3.4    4.0    1.0    3.4    4.0  336.1  410.5   0.00   0.00 -99.00 2020253
 2020 254   100    0.8   12.4   13.5    9.2   18.4   0.63   12.9    4.7    8.7   10.1    2.5    8.7   10.1  141.7  410.5   0.00   0.00 -99.00 2020254
 2020 255   101    0.0   12.4   13.4   20.1   40.2   0.18   22.0    8.9   15.2   17.4    5.4   15.2   17.4  109.7  410.5   0.00   0.00 -99.00 2020255
 2020 256   102    0.0   12.3   13.4   21.5   43.0   0.12   28.6    8.8   18.4   21.7    3.4   18.4   21.7  120.1  410.5   0.00   0.00 -99.00 2020256
 2020 257   103    0.0   12.3   13.4   21.5   43.0   0.11   29.0    5.9   17.0   20.9    0.6   17.0   20.9   56.2  410.5   0.00   0.00 -99.00 2020257
 2020 258   104    0.0   12.2   13.3   18.5   37.0   0.23   27.3    7.9   17.2   20.5    3.8   17.2   20.5   81.2  410.5   0.00   0.00 -99.00 2020258
 2020 259   105    0.0   12.2   13.3   19.3   38.6   0.19   28.2    8.6   18.0   21.3    4.1   18.0   21.3  127.9  410.5   0.00   0.00 -99.00 2020259
 2020 260   106    0.0   12.2   13.2   18.6   37.2   0.21   27.7    7.4   17.2   20.5    3.4   17.2   20.5  100.2  410.5   0.00   0.00 -99.00 2020260
 2020 261   107    0.0   12.1   13.2   18.1   36.2   0.23   26.9    8.1   17.1   20.2    4.2   17.1   20.2   90.7  410.5   0.00   0.00 -99.00 2020261
 2020 262   108    0.0   12.1   13.1   16.8   33.6   0.27   27.7    9.0   18.0   21.0    3.8   18.0   21.0  192.7  410.5   0.00   0.00 -99.00 2020262
 2020 263   109    0.0   12.0   13.1   17.2   34.4   0.25   28.2    9.6   18.5   21.5    1.3   18.5   21.5  316.2  410.5   0.00   0.00 -99.00 2020263
 2020 264   110    0.0   12.0   13.1   18.2   36.4   0.20   30.3   14.6   22.1   25.3    5.6   22.1   25.3  368.9  410.5   0.00   0.00 -99.00 2020264
 2020 265   111    0.0   11.9   13.0   18.2   36.4   0.19   29.1   10.8   19.5   23.2    3.5   19.5   23.2  233.3  410.5   0.00   0.00 -99.00 2020265
 2020 266   112    0.0   11.9   13.0   18.7   37.4   0.16   28.8    9.7   18.8   22.6    3.8   18.8   22.6  184.9  410.5   0.00   0.00 -99.00 2020266
 2020 267   113    0.0   11.9   12.9   17.4   34.8   0.22   29.2   13.0   20.7   24.0    7.8   20.7   24.0  162.4  410.5   0.00   0.00 -99.00 2020267
 2020 268   114    0.0   11.8   12.9   18.5   37.0   0.16   34.6   10.6   22.0   26.8    0.3   22.0   26.8   94.2  410.5   0.00   0.00 -99.00 2020268
 2020 269   115    0.0   11.8   12.8   18.7   37.4   0.14   36.8   10.5   23.0   28.2   -1.6   23.0   28.2  145.2  410.5   0.00   0.00 -99.00 2020269
 2020 270   116    0.0   11.7   12.8   16.5   33.0   0.24   34.1   11.3   22.1   26.7   -0.5   22.1   26.7  114.0  410.5   0.00   0.00 -99.00 2020270
 2020 271   117    0.0   11.7   12.8   15.8   31.6   0.26   21.7   12.5   16.9   18.7   -0.6   16.9   18.7  383.6  410.5   0.00   0.00 -99.00 2020271
 2020 272   118    0.0   11.7   12.7   19.0   38.0   0.10   20.1    3.5   11.4   14.6   -8.9   11.4   14.6  254.0  410.5   0.00   0.00 -99.00 2020272
 2020 273   119    0.0   11.6   12.7   18.6   37.2   0.11   29.0    3.1   15.4   20.5   -9.9   15.4   20.5  142.6  410.5   0.00   0.00 -99.00 2020273
 2020 274   120    0.0   11.6   12.6   17.6   35.2   0.15   26.2    6.0   15.5   19.5   -5.4   15.5   19.5  179.7  410.5   0.00   0.00 -99.00 2020274
 2020 275   121    0.0   11.5   12.6   17.7   35.4   0.14   20.4    2.8   11.1   14.6   -7.8   11.1   14.6  126.1  410.5   0.00   0.00 -99.00 2020275
 2020 276   122    0.0   11.5   12.6   17.1   34.2   0.16   26.8    2.5   14.0   18.7   -7.3   14.0   18.7  112.3  410.5   0.00   0.00 -99.00 2020276
 2020 277   123    0.0   11.4   12.5   15.5   31.0   0.23   22.0    4.0   12.5   16.0   -5.5   12.5   16.0  204.8  410.5   0.00   0.00 -99.00 2020277
 2020 278   124    0.0   11.4   12.5   17.5   35.0   0.12   27.3    1.6   13.7   18.7   -8.2   13.7   18.7  210.8  410.5   0.00   0.00 -99.00 2020278
 2020 279   125    0.0   11.4   12.4   16.5   33.0   0.17   29.4    9.8   19.0   22.8   -1.2   19.0   22.8  160.7  410.5   0.00   0.00 -99.00 2020279
 2020 280   126    0.0   11.3   12.4   16.6   33.2   0.15   29.9    6.7   17.6   22.1   -4.0   17.6   22.1  118.4  410.5   0.00   0.00 -99.00 2020280
 2020 281   127    0.0   11.3   12.3   16.8   33.6   0.13   32.8    5.0   18.0   23.4   -6.2   18.0   23.4   92.4  410.5   0.00   0.00 -99.00 2020281
 2020 282   128    0.0   11.2   12.3   16.6   33.2   0.14   33.8    6.8   19.5   24.6   -4.2   19.5   24.6  166.8  410.5   0.00   0.00 -99.00 2020282
 2020 283   129    0.0   11.2   12.3   16.0   32.0   0.16   32.8    8.3   19.8   24.4   -3.3   19.8   24.4  115.8  410.5   0.00   0.00 -99.00 2020283
 2020 284   130    0.0   11.2   12.2   15.8   31.6   0.16   30.2    7.8   18.3   22.5   -3.1   18.3   22.5  164.2  410.5   0.00   0.00 -99.00 2020284
 2020 285   131    0.0   11.1   12.2   16.8   33.6   0.10   33.7   11.7   22.0   26.1    1.4   22.0   26.1  302.4  410.5   0.00   0.00 -99.00 2020285
 2020 286   132    0.0   11.1   12.1   16.6   33.2   0.10   24.0   -0.3   11.0   15.6  -13.7   11.0   15.6  184.9  410.5   0.00   0.00 -99.00 2020286
 2020 287   133    0.0   11.0   12.1   16.0   32.0   0.12   24.4    1.6   12.2   16.5   -9.5   12.2   16.5  164.2  410.5   0.00   0.00 -99.00 2020287
 2020 288   134    0.0   11.0   12.1   15.1   30.2   0.16   31.4    6.9   18.3   22.9   -6.8   18.3   22.9  273.9  410.5   0.00   0.00 -99.00 2020288
 2020 289   135    0.0   11.0   12.0    4.6    9.2   0.74   11.5    6.0    8.6    9.6   -2.6    8.6    9.6  187.5  410.5   0.00   0.00 -99.00 2020289
 2020 290   136    0.0   11.0   12.0    4.6    9.2   0.74   11.5    6.0    8.6    9.6   -2.6    8.6    9.6  187.5  410.5   0.00   0.00 -99.00 2020290

*DSSAT Cropping System Model Ver. 4.7.5.035 -develop  JUN 02, 2021 09:26:05

*RUN   2        : 20 RAINFED BRAGG          CRGRO047 UFGA7801    2
 MODEL          : CRGRO047 - Soybean
 EXPERIMENT     : UFGA7801 SB BRAGG, IRRIGATED & NON-IRRIGATED
 DATA PATH      :
 TREATMENT  2   : 20 RAINFED BRAGG          CRGRO047
  
@YEAR DOY   DAS   PRED  DAYLD   TWLD   SRAD   PARD   CLDD   TMXD   TMND   TAVD   TDYD   TDWD   TGAD   TGRD   WDSD   CO2D   VPDF    VPD  OZON7   WDATE
 2020 155     1    0.0   14.5   15.7   27.9   55.8   0.15   35.4   17.8   26.9   29.5    3.2   26.9   29.5  252.3  410.5   0.00   0.00 -99.00 2020155
 2020 156     2    0.2   14.5   15.7   21.6   43.2   0.34   36.5   16.1   26.6   29.7    3.6   26.6   29.7  267.0  410.5   0.00   0.00 -99.00 2020156
 2020 157     3    0.0   14.5   15.7   28.0   56.0   0.15   38.6   17.7   28.5   31.6    6.7   28.5   31.6  407.8  410.5   0.00   0.00 -99.00 2020157
 2020 158     4    0.0   14.5   15.7   25.4   50.8   0.23   36.9   19.3   28.4   31.0    6.3   28.4   31.0  595.3  410.5   0.00   0.00 -99.00 2020158
 2020 159     5    0.0   14.6   15.8   27.5   55.0   0.17   35.6   22.3   29.2   31.2   10.5   29.2   31.2  896.0  410.5   0.00   0.00 -99.00 2020159
 2020 160     6    0.0   14.6   15.8   28.9   57.8   0.13   38.6   19.8   29.5   32.4    8.0   29.5   32.4  713.7  410.5   0.00   0.00 -99.00 2020160
 2020 161     7   12.7   14.6   15.8    5.5   11.0   0.83   25.6    9.0   17.6   20.1    5.5   17.6   20.1  767.2  410.5   0.00   0.00 -99.00 2020161
 2020 162     8    0.0   14.6   15.8   29.5   59.0   0.11   27.1    8.3   18.0   20.9   -0.4   18.0   20.9  292.0  410.5   0.00   0.00 -99.00 2020162
 2020 163     9    0.0   14.6   15.8   28.7   57.4   0.14   33.6   15.0   24.6   27.4    0.8   24.6   27.4  406.9  410.5   0.00   0.00 -99.00 2020163
 2020 164    10    0.0   14.6   15.8   28.1   56.2   0.15   35.4   16.5   26.3   29.1    2.8   26.3   29.1  362.9  410.5   0.00   0.00 -99.00 2020164
 2020 165    11    0.0   14.6   15.8   28.8   57.6   0.13   37.7   13.2   25.9   29.6   -4.2   25.9   29.6  472.6  410.5   0.00   0.00 -99.00 2020165
 2020 166    12    0.0   14.6   15.8   20.9   41.8   0.37   35.9   19.6   28.0   30.5    1.3   28.0   30.5  665.3  410.5   0.00   0.00 -99.00 2020166
 2020 167    13    0.0   14.6   15.8   27.9   55.8   0.16   35.9   18.6   27.6   30.2    1.5   27.6   30.2  670.5  410.5   0.00   0.00 -99.00 2020167
 2020 168    14    0.0   14.6   15.8   27.9   55.8   0.16   34.4   19.0   27.0   29.3    5.3   27.0   29.3  690.3  410.5   0.00   0.00 -99.00 2020168
 2020 169    15    0.0   14.6   15.8   26.5   53.0   0.20   36.5   20.6   28.8   31.2    7.5   28.8   31.2  806.1  410.5   0.00   0.00 -99.00 2020169
 2020 170    16    0.0   14.6   15.9   27.8   55.6   0.17   30.8   19.2   25.2   27.0    8.6   25.2   27.0  617.8  410.5   0.00   0.00 -99.00 2020170
 2020 171    17    0.5   14.6   15.9   14.5   29.0   0.56   24.7   13.8   19.4   21.1    9.5   19.4   21.1  343.0  410.5   0.00   0.00 -99.00 2020171
 2020 172    18    0.0   14.6   15.9   26.2   52.4   0.21   32.5   14.8   24.0   26.6    7.7   24.0   26.6  299.8  410.5   0.00   0.00 -99.00 2020172
 2020 173    19    0.0   14.6   15.9   19.1   38.2   0.43   34.7   15.1   25.3   28.2    9.5   25.3   28.2  363.7  410.5   0.00   0.00 -99.00 2020173
 2020 174    20    0.0   14.6   15.9   26.2   52.4   0.21   31.2   13.6   22.7   25.4    5.8   22.7   25.4  283.4  410.5   0.00   0.00 -99.00 2020174
 2020 175    21    0.0   14.6   15.9   24.7   49.4   0.26   30.8   13.5   22.5   25.1    5.3   22.5   25.1  222.0  410.5   0.00   0.00 -99.00 2020175
 2020 176    22    0.0   14.6   15.9   27.4   54.8   0.18   36.2   17.4   27.1   30.0    6.0   27.1   30.0  400.0  410.5   0.00   0.00 -99.00 2020176
 2020 177    23    0.0   14.6   15.9   26.0   52.0   0.22   37.1   17.8   27.8   30.7    5.5   27.8   30.7  581.5  410.5   0.00   0.00 -99.00 2020177
 2020 178    24    0.0   14.6   15.8   27.6   55.2   0.17   36.8   18.2   27.8   30.6    7.8   27.8   30.6  267.8  410.5   0.00   0.00 -99.00 2020178
 2020 179    25    0.0   14.6   15.8   25.7   51.4   0.23   36.7   17.7   27.5   30.4    6.5   27.5   30.4  320.5  410.5   0.00   0.00 -99.00 2020179
 2020 180    26    0.0   14.6   15.8   26.8   53.6   0.19   37.4   18.0   28.0   31.0    8.6   28.0   31.0  361.2  410.5   0.00   0.00 -99.00 2020180
 2020 181    27    0.0   14.6   15.8   28.0   56.0   0.16   39.8   20.8   30.6   33.5    8.3   30.6   33.5  519.3  410.5   0.00   0.00 -99.00 2020181
 2020 182    28    0.0   14.6   15.8   28.1   56.2   0.15   37.2   16.2   27.1   30.2    1.8   27.1   30.2  327.5  410.5   0.00   0.00 -99.00 2020182
 2020 183    29    0.0   14.6   15.8   26.0   52.0   0.22   33.3   17.5   25.7   28.1    9.3   25.7   28.1  375.0  410.5   0.00   0.00 -99.00 2020183
 2020 184    30    0.0   14.6   15.8   22.6   45.2   0.32   37.3   18.1   28.0   30.9   11.9   28.0   30.9  375.0  410.5   0.00   0.00 -99.00 2020184
 2020 185    31    0.0   14.6   15.8   24.9   49.8   0.25   35.1   15.0   25.4   28.4    8.6   25.4   28.4  273.0  410.5   0.00   0.00 -99.00 2020185
 2020 186    32    0.0   14.6   15.8   25.7   51.4   0.22   33.9   15.6   25.1   27.8    7.3   25.1   27.8  216.0  410.5   0.00   0.00 -99.00 2020186
 2020 187    33    0.0   14.5   15.8   14.8   29.6   0.55   30.6   18.0   24.5   26.4   12.2   24.5   26.4  167.6  410.5   0.00   0.00 -99.00 2020187
 2020 188    34    0.0   14.5   15.8   26.4   52.8   0.20   33.3   15.0   24.5   27.2    7.8   24.5   27.2  159.0  410.5   0.00   0.00 -99.00 2020188
 2020 189    35    0.0   14.5   15.7   27.4   54.8   0.17   34.4   18.4   26.7   29.1    9.7   26.7   29.1  363.7  410.5   0.00   0.00 -99.00 2020189
 2020 190    36    0.0   14.5   15.7   27.9   55.8   0.15   38.7   19.8   29.6   32.4    9.1   29.6   32.4  453.6  410.5   0.00   0.00 -99.00 2020190
 2020 191    37    0.0   14.5   15.7   25.6   51.2   0.22   32.8   21.4   27.3   29.0   13.7   27.3   29.0  390.5  410.5   0.00   0.00 -99.00 2020191
 2020 192    38    0.0   14.5   15.7   16.6   33.2   0.49   32.3   21.4   27.0   28.6   15.2   27.0   28.6  303.3  410.5   0.00   0.00 -99.00 2020192
 2020 193    39    0.0   14.5   15.7   27.2   54.4   0.17   35.7   17.3   26.8   29.5   10.8   26.8   29.5  276.5  410.5   0.00   0.00 -99.00 2020193
 2020 194    40    0.0   14.4   15.6   23.4   46.8   0.28   34.2   18.2   26.4   28.8   12.3   26.4   28.8  272.2  410.5   0.00   0.00 -99.00 2020194
 2020 195    41    0.0   14.4   15.6   26.1   52.2   0.20   32.9   17.5   25.4   27.7   12.1   25.4   27.7  355.1  410.5   0.00   0.00 -99.00 2020195
 2020 196    42    2.5   14.4   15.6   18.9   37.8   0.42   31.8   20.1   26.1   27.9   16.4   26.1   27.9  357.7  410.5   0.00   0.00 -99.00 2020196
 2020 197    43    0.0   14.4   15.6   19.9   39.8   0.39   28.6   18.5   23.7   25.2   15.4   23.7   25.2  254.9  410.5   0.00   0.00 -99.00 2020197
 2020 198    44    0.0   14.4   15.6   24.4   48.8   0.25   32.2   18.5   25.5   27.6   13.3   25.5   27.6  262.7  410.5   0.00   0.00 -99.00 2020198
 2020 199    45    4.6   14.3   15.5   23.1   46.2   0.29   35.6   20.4   28.2   30.5   12.7   28.2   30.5  346.5  410.5   0.00   0.00 -99.00 2020199
 2020 200    46   10.2   14.3   15.5   20.4   40.8   0.37   35.9   21.2   28.7   30.9   12.9   28.7   30.9  234.1  410.5   0.00   0.00 -99.00 2020200
 2020 201    47    0.2   14.3   15.5   20.9   41.8   0.35   29.6   18.9   24.4   26.0   13.7   24.4   26.0  278.2  410.5   0.00   0.00 -99.00 2020201
 2020 202    48    0.0   14.3   15.5   26.5   53.0   0.17   31.0   18.0   24.7   26.6   12.3   24.7   26.6  317.1  410.5   0.00   0.00 -99.00 2020202
 2020 203    49    0.0   14.2   15.4   27.0   54.0   0.16   29.8   15.6   22.9   25.0    9.8   22.9   25.0  217.7  410.5   0.00   0.00 -99.00 2020203
 2020 204    50    0.0   14.2   15.4   26.7   53.4   0.16   33.3   18.4   26.0   28.2   12.0   26.0   28.2  318.8  410.5   0.00   0.00 -99.00 2020204
 2020 205    51    0.0   14.2   15.4   24.2   48.4   0.24   33.5   20.0   26.9   28.9   13.4   26.9   28.9  376.7  410.5   0.00   0.00 -99.00 2020205
 2020 206    52    0.0   14.2   15.3   26.1   52.2   0.18   34.7   20.8   27.9   29.9   14.2   27.9   29.9  368.9  410.5   0.00   0.00 -99.00 2020206
 2020 207    53    0.0   14.1   15.3   26.1   52.2   0.18   35.4   21.0   28.3   30.5   13.2   28.3   30.5  329.2  410.5   0.00   0.00 -99.00 2020207
 2020 208    54   44.2   14.1   15.3   20.2   40.4   0.36   35.8   19.4   27.8   30.2   15.1   27.8   30.2  242.8  410.5   0.00   0.00 -99.00 2020208
 2020 209    55    2.0   14.1   15.3   12.6   25.2   0.60   26.4   20.0   23.3   24.2   18.3   23.3   24.2  143.4  410.5   0.00   0.00 -99.00 2020209
 2020 210    56    0.0   14.1   15.2   12.0   24.0   0.62   25.5   19.7   22.6   23.5   17.9   22.6   23.5  148.6  410.5   0.00   0.00 -99.00 2020210
 2020 211    57    6.4   14.0   15.2   22.9   45.8   0.27   32.0   18.5   25.4   27.3   14.7   25.4   27.3  121.8  410.5   0.00   0.00 -99.00 2020211
 2020 212    58    0.2   14.0   15.2   20.5   41.0   0.34   25.9   16.0   21.0   22.9   13.1   21.0   22.9  238.5  410.5   0.00   0.00 -99.00 2020212
 2020 213    59    0.0   14.0   15.1   25.7   51.4   0.17   28.9   14.0   21.6   24.3    9.7   21.6   24.3  114.0  410.5   0.00   0.00 -99.00 2020213
 2020 214    60    0.0   13.9   15.1   25.8   51.6   0.17   31.0   13.4   22.3   25.6    8.2   22.3   25.6   99.4  410.5   0.00   0.00 -99.00 2020214
 2020 215    61    0.0   13.9   15.1   21.4   42.8   0.31   27.3   15.8   21.6   23.7   11.4   21.6   23.7  164.2  410.5   0.00   0.00 -99.00 2020215
 2020 216    62    8.1   13.9   15.0   20.6   41.2   0.33   25.6   14.8   20.3   22.2   11.6   20.3   22.2  164.2  410.5   0.00   0.00 -99.00 2020216
 2020 217    63    2.8   13.8   15.0   21.6   43.2   0.29   28.0   15.7   21.9   24.2   11.0   21.9   24.2  323.1  410.5   0.00   0.00 -99.00 2020217
 2020 218    64    0.0   13.8   15.0   24.3   48.6   0.20   29.0   14.0   21.6   24.3   10.0   21.6   24.3  184.0  410.5   0.00   0.00 -99.00 2020218
 2020 219    65   12.2   13.8   14.9   17.0   34.0   0.44   28.2   18.9   23.6   25.3   15.7   23.6   25.3  283.4  410.5   0.00   0.00 -99.00 2020219
 2020 220    66    0.0   13.7   14.9   24.7   49.4   0.18   31.8   20.0   25.9   28.1   16.5   25.9   28.1  145.2  410.5   0.00   0.00 -99.00 2020220
 2020 221    67    0.0   13.7   14.8   24.6   49.2   0.18   34.8   15.4   25.2   28.7    8.6   25.2   28.7  182.3  410.5   0.00   0.00 -99.00 2020221
 2020 222    68    0.0   13.7   14.8   24.1   48.2   0.20   35.2   18.9   27.1   30.1    8.7   27.1   30.1  248.0  410.5   0.00   0.00 -99.00 2020222
 2020 223    69    0.0   13.6   14.8   21.5   43.0   0.28   33.0   16.9   25.0   27.9   10.3   25.0   27.9  180.6  410.5   0.00   0.00 -99.00 2020223
 2020 224    70    0.0   13.6   14.7   23.9   47.8   0.20   32.1   14.0   23.1   26.4    8.9   23.1   26.4  222.9  410.5   0.00   0.00 -99.00 2020224
 2020 225    71    0.0   13.6   14.7   20.6   41.2   0.30   30.8   18.0   24.4   26.7   12.8   24.4   26.7  226.4  410.5   0.00   0.00 -99.00 2020225
 2020 226    72    0.0   13.5   14.6   22.5   45.0   0.24   32.5   20.4   26.5   28.6   16.2   26.5   28.6  141.7  410.5   0.00   0.00 -99.00 2020226
 2020 227    73    0.0   13.5   14.6   18.8   37.6   0.36   32.7   17.8   25.3   27.9   14.5   25.3   27.9  143.4  410.5   0.00   0.00 -99.00 2020227
 2020 228    74    0.0   13.4   14.6   20.5   41.0   0.30   31.0   19.3   25.1   27.3   15.1   25.1   27.3  180.6  410.5   0.00   0.00 -99.00 2020228
 2020 229    75    2.8   13.4   14.5   21.5   43.0   0.26   31.4   18.9   25.1   27.4   13.7   25.1   27.4  251.4  410.5   0.00   0.00 -99.00 2020229
 2020 230    76    0.0   13.4   14.5   25.0   50.0   0.13   32.5   14.0   23.2   26.5    6.4   23.2   26.5  137.4  410.5   0.00   0.00 -99.00 2020230
 2020 231    77    0.0   13.3   14.5   23.6   47.2   0.18   32.8   15.0   23.9   27.1    7.9   23.9   27.1  203.9  410.5   0.00   0.00 -99.00 2020231
 2020 232    78    0.0   13.3   14.4   18.7   37.4   0.34   31.4   17.7   24.5   27.0    8.9   24.5   27.0  246.2  410.5   0.00   0.00 -99.00 2020232
 2020 233    79    0.0   13.3   14.4   22.8   45.6   0.20   31.5   15.2   23.3   26.2    8.0   23.3   26.2  212.5  410.5   0.00   0.00 -99.00 2020233
 2020 234    80    0.0   13.2   14.3   20.1   40.2   0.29   31.4   17.3   24.3   26.8   10.1   24.3   26.8  187.5  410.5   0.00   0.00 -99.00 2020234
 2020 235    81    0.0   13.2   14.3   21.2   42.4   0.24   33.8   15.5   24.6   27.8    8.7   24.6   27.8  183.2  410.5   0.00   0.00 -99.00 2020235
 2020 236    82    0.0   13.1   14.2   21.1   42.2   0.24   34.4   17.5   25.9   28.9    9.1   25.9   28.9  220.3  410.5   0.00   0.00 -99.00 2020236
 2020 237    83    0.0   13.1   14.2   22.5   45.0   0.19   35.1   16.4   25.7   29.0    5.6   25.7   29.0  253.2  410.5   0.00   0.00 -99.00 2020237
 2020 238    84    0.0   13.1   14.2   21.8   43.6   0.21   33.6   18.9   26.2   28.8    7.3   26.2   28.8  294.6  410.5   0.00   0.00 -99.00 2020238
 2020 239    85    0.0   13.0   14.1   22.4   44.8   0.18   34.8   13.5   24.0   27.8    3.6   24.0   27.8  245.4  410.5   0.00   0.00 -99.00 2020239
 2020 240    86    0.0   13.0   14.1   22.2   44.4   0.19   35.5   16.6   25.9   29.2    7.3   25.9   29.2  203.0  410.5   0.00   0.00 -99.00 2020240
 2020 241    87   39.1   12.9   14.0   22.0   44.0   0.19   35.5   17.2   26.2   29.4    9.4   26.2   29.4  235.9  410.5   0.00   0.00 -99.00 2020241
 2020 242    88    4.1   12.9   14.0   11.5   23.0   0.57   24.6   17.2   20.8   22.1   15.3   20.8   22.1  148.6  410.5   0.00   0.00 -99.00 2020242
 2020 243    89    0.0   12.9   14.0   19.9   39.8   0.26   33.3   16.0   24.5   27.5   12.4   24.5   27.5  126.1  410.5   0.00   0.00 -99.00 2020243
 2020 244    90    0.0   12.8   13.9   22.4   44.8   0.16   24.6   14.0   19.2   21.0    7.3   19.2   21.0  235.9  410.5   0.00   0.00 -99.00 2020244
 2020 245    91    0.0   12.8   13.9   13.9   27.8   0.47   25.8   15.2   20.4   22.2   13.0   20.4   22.2  140.8  410.5   0.00   0.00 -99.00 2020245
 2020 246    92    0.0   12.7   13.8   22.8   45.6   0.13   31.0   13.9   22.3   25.2    8.7   22.3   25.2  102.0  410.5   0.00   0.00 -99.00 2020246
 2020 247    93    0.0   12.7   13.8   22.9   45.8   0.12   26.3   13.2   19.6   21.9    6.3   19.6   21.9  216.9  410.5   0.00   0.00 -99.00 2020247
 2020 248    94    0.0   12.7   13.7   22.3   44.6   0.14   31.6    8.2   19.6   23.6    1.4   19.6   23.6  103.7  410.5   0.00   0.00 -99.00 2020248
 2020 249    95    0.0   12.6   13.7   21.3   42.6   0.17   34.0   15.5   24.5   27.7    7.6   24.5   27.7  214.3  410.5   0.00   0.00 -99.00 2020249
 2020 250    96    0.0   12.6   13.7   19.4   38.8   0.24   36.0   19.6   27.6   30.4    9.8   27.6   30.4  216.9  410.5   0.00   0.00 -99.00 2020250
 2020 251    97    0.0   12.5   13.6   19.3   38.6   0.24   34.0   14.0   23.7   27.1    6.9   23.7   27.1  183.2  410.5   0.00   0.00 -99.00 2020251
 2020 252    98    8.9   12.5   13.6    3.3    6.6   0.87   16.0    2.8    9.2   11.4    1.2    9.2   11.4  464.8  410.5   0.00   0.00 -99.00 2020252
 2020 253    99   21.1   12.5   13.5    3.7    7.4   0.85    5.2    1.7    3.4    4.0    1.0    3.4    4.0  336.1  410.5   0.00   0.00 -99.00 2020253
 2020 254   100    0.8   12.4   13.5    9.2   18.4   0.63   12.9    4.7    8.7   10.1    2.5    8.7   10.1  141.7  410.5   0.00   0.00 -99.00 2020254
 2020 255   101    0.0   12.4   13.4   20.1   40.2   0.18   22.0    8.9   15.2   17.4    5.4   15.2   17.4  109.7  410.5   0.00   0.00 -99.00 2020255
 2020 256   102    0.0   12.3   13.4   21.5   43.0   0.12   28.6    8.8   18.4   21.7    3.4   18.4   21.7  120.1  410.5   0.00   0.00 -99.00 2020256
 2020 257   103    0.0   12.3   13.4   21.5   43.0   0.11   29.0    5.9   17.0   20.9    0.6   17.0   20.9   56.2  410.5   0.00   0.00 -99.00 2020257
 2020 258   104    0.0   12.2   13.3   18.5   37.0   0.23   27.3    7.9   17.2   20.5    3.8   17.2   20.5   81.2  410.5   0.00   0.00 -99.00 2020258
 2020 259   105    0.0   12.2   13.3   19.3   38.6   0.19   28.2    8.6   18.0   21.3    4.1   18.0   21.3  127.9  410.5   0.00   0.00 -99.00 2020259
 2020 260   106    0.0   12.2   13.2   18.6   37.2   0.21   27.7    7.4   17.2   20.5    3.4   17.2   20.5  100.2  410.5   0.00   0.00 -99.00 2020260
 2020 261   107    0.0   12.1   13.2   18.1   36.2   0.23   26.9    8.1   17.1   20.2    4.2   17.1   20.2   90.7  410.5   0.00   0.00 -99.00 2020261
 2020 262   108    0.0   12.1   13.1   16.8   33.6   0.27   27.7    9.0   18.0   21.0    3.8   18.0   21.0  192.7  410.5   0.00   0.00 -99.00 2020262
 2020 263   109    0.0   12.0   13.1   17.2   34.4   0.25   28.2    9.6   18.5   21.5    1.3   18.5   21.5  316.2  410.5   0.00   0.00 -99.00 2020263
 2020 264   110    0.0   12.0   13.1   18.2   36.4   0.20   30.3   14.6   22.1   25.3    5.6   22.1   25.3  368.9  410.5   0.00   0.00 -99.00 2020264
 2020 265   111    0.0   11.9   13.0   18.2   36.4   0.19   29.1   10.8   19.5   23.2    3.5   19.5   23.2  233.3  410.5   0.00   0.00 -99.00 2020265
 2020 266   112    0.0   11.9   13.0   18.7   37.4   0.16   28.8    9.7   18.8   22.6    3.8   18.8   22.6  184.9  410.5   0.00   0.00 -99.00 2020266
 2020 267   113    0.0   11.9   12.9   17.4   34.8   0.22   29.2   13.0   20.7   24.0    7.8   20.7   24.0  162.4  410.5   0.00   0.00 -99.00 2020267
 2020 268   114    0.0   11.8   12.9   18.5   37.0   0.16   34.6   10.6   22.0   26.8    0.3   22.0   26.8   94.2  410.5   0.00   0.00 -99.00 2020268
 2020 269   115    0.0   11.8   12.8   18.7   37.4   0.14   36.8   10.5   23.0   28.2   -1.6   23.0   28.2  145.2  410.5   0.00   0.00 -99.00 2020269
 2020 270   116    0.0   11.7   12.8   16.5   33.0   0.24   34.1   11.3   22.1   26.7   -0.5   22.1   26.7  114.0  410.5   0.00   0.00 -99.00 2020270
 2020 271   117    0.0   11.7   12.8   15.8   31.6   0.26   21.7   12.5   16.9   18.7   -0.6   16.9   18.7  383.6  410.5   0.00   0.00 -99.00 2020271
 2020 272   118    0.0   11.7   12.7   19.0   38.0   0.10   20.1    3.5   11.4   14.6   -8.9   11.4   14.6  254.0  410.5   0.00   0.00 -99.00 2020272
 2020 273   119    0.0   11.6   12.7   18.6   37.2   0.11   29.0    3.1   15.4   20.5   -9.9   15.4   20.5  142.6  410.5   0.00   0.00 -99.00 2020273
 2020 274   120    0.0   11.6   12.6   17.6   35.2   0.15   26.2    6.0   15.5   19.5   -5.4   15.5   19.5  179.7  410.5   0.00   0.00 -99.00 2020274
 2020 275   121    0.0   11.5   12.6   17.7   35.4   0.14   20.4    2.8   11.1   14.6   -7.8   11.1   14.6  126.1  410.5   0.00   0.00 -99.00 2020275
 2020 276   122    0.0   11.5   12.6   17.1   34.2   0.16   26.8    2.5   14.0   18.7   -7.3   14.0   18.7  112.3  410.5   0.00   0.00 -99.00 2020276
 2020 277   123    0.0   11.4   12.5   15.5   31.0   0.23   22.0    4.0   12.5   16.0   -5.5   12.5   16.0  204.8  410.5   0.00   0.00 -99.00 2020277
 2020 278   124    0.0   11.4   12.5   17.5   35.0   0.12   27.3    1.6   13.7   18.7   -8.2   13.7   18.7  210.8  410.5   0.00   0.00 -99.00 2020278
 2020 279   125    0.0   11.4   12.4   16.5   33.0   0.17   29.4    9.8   19.0   22.8   -1.2   19.0   22.8  160.7  410.5   0.00   0.00 -99.00 2020279
 2020 280   126    0.0   11.3   12.4   16.6   33.2   0.15   29.9    6.7   17.6   22.1   -4.0   17.6   22.1  118.4  410.5   0.00   0.00 -99.00 2020280
 2020 281   127    0.0   11.3   12.3   16.8   33.6   0.13   32.8    5.0   18.0   23.4   -6.2   18.0   23.4   92.4  410.5   0.00   0.00 -99.00 2020281
 2020 282   128    0.0   11.2   12.3   16.6   33.2   0.14   33.8    6.8   19.5   24.6   -4.2   19.5   24.6  166.8  410.5   0.00   0.00 -99.00 2020282
 2020 283   129    0.0   11.2   12.3   16.0   32.0   0.16   32.8    8.3   19.8   24.4   -3.3   19.8   24.4  115.8  410.5   0.00   0.00 -99.00 2020283
 2020 284   130    0.0   11.2   12.2   15.8   31.6   0.16   30.2    7.8   18.3   22.5   -3.1   18.3   22.5  164.2  410.5   0.00   0.00 -99.00 2020284
 2020 285   131    0.0   11.1   12.2   16.8   33.6   0.10   33.7   11.7   22.0   26.1    1.4   22.0   26.1  302.4  410.5   0.00   0.00 -99.00 2020285
 2020 286   132    0.0   11.1   12.1   16.6   33.2   0.10   24.0   -0.3   11.0   15.6  -13.7   11.0   15.6  184.9  410.5   0.00   0.00 -99.00 2020286
 2020 287   133    0.0   11.0   12.1   16.0   32.0   0.12   24.4    1.6   12.2   16.5   -9.5   12.2   16.5  164.2  410.5   0.00   0.00 -99.00 2020287
 2020 288   134    0.0   11.0   12.1   15.1   30.2   0.16   31.4    6.9   18.3   22.9   -6.8   18.3   22.9  273.9  410.5   0.00   0.00 -99.00 2020288
 2020 289   135    0.0   11.0   12.0    4.6    9.2   0.74   11.5    6.0    8.6    9.6   -2.6    8.6    9.6  187.5  410.5   0.00   0.00 -99.00 2020289
 2020 290   136    0.0   11.0   12.0    4.6    9.2   0.74   11.5    6.0    8.6    9.6   -2.6    8.6    9.6  187.5  410.5   0.00   0.00 -99.00 2020290
